app/build/intermediates/manifest_merge_blame_file/debug/manifest-merger-blame-debug-report.txt
1<?xml version="1.0" encoding="utf-8"?>
2<manifest xmlns:android="http://schemas.android.com/apk/res/android"
3    package="com.example.googleassistant"
4    android:versionCode="1"
5    android:versionName="1.0" >
6
7    <uses-sdk
8        android:minSdkVersion="21"
8-->src/main/AndroidManifest.xml
9        android:targetSdkVersion="30" />
9-->src/main/AndroidManifest.xml
10
11    <uses-permission android:name="android.permission.BLUETOOTH" />
11-->src/main/AndroidManifest.xml:6:5-68
11-->src/main/AndroidManifest.xml:6:22-65
12    <uses-permission android:name="android.permission.BLUETOOTH_ADMIN" />
12-->src/main/AndroidManifest.xml:7:5-74
12-->src/main/AndroidManifest.xml:7:22-71
13    <uses-permission android:name="android.permission.CALL_PHONE" />
13-->src/main/AndroidManifest.xml:8:5-69
13-->src/main/AndroidManifest.xml:8:22-66
14    <uses-permission android:name="android.permission.SEND_SMS" />
14-->src/main/AndroidManifest.xml:9:5-67
14-->src/main/AndroidManifest.xml:9:22-64
15    <uses-permission android:name="android.permission.RECEIVE_SMS" />
15-->src/main/AndroidManifest.xml:10:5-70
15-->src/main/AndroidManifest.xml:10:22-67
16    <uses-permission android:name="android.permission.READ_SMS" />
16-->src/main/AndroidManifest.xml:11:5-67
16-->src/main/AndroidManifest.xml:11:22-64
17    <uses-permission android:name="android.permission.READ_EXTERNAL_STORAGE" />
17-->src/main/AndroidManifest.xml:12:5-80
17-->src/main/AndroidManifest.xml:12:22-77
18    <uses-permission android:name="android.permission.WRITE_EXTERNAL_STORAGE" />
18-->src/main/AndroidManifest.xml:13:5-14:40
18-->src/main/AndroidManifest.xml:13:22-78
19    <uses-permission android:name="android.permission.RECORD_AUDIO" />
19-->src/main/AndroidManifest.xml:15:5-71
19-->src/main/AndroidManifest.xml:15:22-68
20    <uses-permission android:name="android.permission.INTERNET" />
20-->src/main/AndroidManifest.xml:16:5-67
20-->src/main/AndroidManifest.xml:16:22-64
21    <uses-permission android:name="android.permission.WRITE_CONTACTS" />
21-->src/main/AndroidManifest.xml:17:5-72
21-->src/main/AndroidManifest.xml:17:22-70
22    <uses-permission android:name="android.permission.READ_CONTACTS" />
22-->src/main/AndroidManifest.xml:18:5-71
22-->src/main/AndroidManifest.xml:18:22-69
23    <uses-permission android:name="android.permission.CAMERA" />
23-->src/main/AndroidManifest.xml:19:5-64
23-->src/main/AndroidManifest.xml:19:22-62
24    <uses-permission android:name="android.permission.ACCESS_NETWORK_STATE" />
24-->src/main/AndroidManifest.xml:20:5-78
24-->src/main/AndroidManifest.xml:20:22-76
25    <uses-permission android:name="android.permission.ACCESS_WIFI_STATE" />
25-->src/main/AndroidManifest.xml:21:5-75
25-->src/main/AndroidManifest.xml:21:22-73
26    <uses-permission android:name="android.permission.WRITE_SETTINGS" />
26-->src/main/AndroidManifest.xml:22:5-23:47
26-->src/main/AndroidManifest.xml:22:22-70
27
28    <queries>
28-->src/main/AndroidManifest.xml:25:5-32:15
29        <intent>
29-->src/main/AndroidManifest.xml:26:9-28:18
30            <action android:name="android.speech.RecognitionService" />
30-->src/main/AndroidManifest.xml:27:13-72
30-->src/main/AndroidManifest.xml:27:21-69
31        </intent>
32
33        <package android:name="com.whatsapp" />
33-->src/main/AndroidManifest.xml:29:9-48
33-->src/main/AndroidManifest.xml:29:18-45
34        <package android:name="com.google.android.gm" />
34-->src/main/AndroidManifest.xml:30:9-57
34-->src/main/AndroidManifest.xml:30:18-54
35        <package android:name="com.facebook.katana" />
35-->src/main/AndroidManifest.xml:31:9-55
35-->src/main/AndroidManifest.xml:31:18-52
36    </queries>
37
38    <application
38-->src/main/AndroidManifest.xml:35:5-57:19
39        android:allowBackup="true"
39-->src/main/AndroidManifest.xml:36:9-35
40        android:appComponentFactory="androidx.core.app.CoreComponentFactory"
40-->[androidx.core:core:1.3.2] AndroidManifest.xml:24:18-86
41        android:debuggable="true"
42        android:icon="@mipmap/ic_launcher"
42-->src/main/AndroidManifest.xml:37:9-43
43        android:label="@string/app_name"
43-->src/main/AndroidManifest.xml:38:9-41
44        android:roundIcon="@mipmap/ic_launcher_round"
44-->src/main/AndroidManifest.xml:39:9-54
45        android:supportsRtl="true"
45-->src/main/AndroidManifest.xml:40:9-35
46        android:testOnly="true"
47        android:theme="@style/Theme.AdvanceVoiceAssistant" >
47-->src/main/AndroidManifest.xml:41:9-59
48        <activity android:name="com.example.googleassistant.assistant.AssistantActivity" />
48-->src/main/AndroidManifest.xml:43:9-64
48-->src/main/AndroidManifest.xml:43:19-62
49        <activity android:name="com.example.googleassistant.MainActivity" >
49-->src/main/AndroidManifest.xml:44:9-50:20
49-->src/main/AndroidManifest.xml:44:19-47
50            <intent-filter>
50-->src/main/AndroidManifest.xml:45:13-49:29
51                <action android:name="android.intent.action.MAIN" />
51-->src/main/AndroidManifest.xml:46:17-69
51-->src/main/AndroidManifest.xml:46:25-66
52
53                <category android:name="android.intent.category.LAUNCHER" />
53-->src/main/AndroidManifest.xml:48:17-77
53-->src/main/AndroidManifest.xml:48:27-74
54            </intent-filter>
55        </activity>
56        <activity android:name="com.theartofdev.edmodo.cropper.CropImageActivity" />
56-->src/main/AndroidManifest.xml:51:9-84
56-->src/main/AndroidManifest.xml:51:19-82
57
58        <meta-data
58-->src/main/AndroidManifest.xml:53:9-55:35
59            android:name="com.google.mlkit.vision.DEPENDENCIES"
59-->src/main/AndroidManifest.xml:54:13-64
60            android:value="ocr" />
60-->src/main/AndroidManifest.xml:55:13-32
61
62        <service
62-->[androidx.room:room-runtime:2.2.6] AndroidManifest.xml:25:9-28:40
63            android:name="androidx.room.MultiInstanceInvalidationService"
63-->[androidx.room:room-runtime:2.2.6] AndroidManifest.xml:26:13-74
64            android:directBootAware="true"
64-->[androidx.room:room-runtime:2.2.6] AndroidManifest.xml:27:13-43
65            android:exported="false" />
65-->[androidx.room:room-runtime:2.2.6] AndroidManifest.xml:28:13-37
66        <service
66-->[com.google.android.gms:play-services-mlkit-text-recognition:16.1.2] AndroidManifest.xml:9:9-15:19
67            android:name="com.google.mlkit.common.internal.MlKitComponentDiscoveryService"
67-->[com.google.android.gms:play-services-mlkit-text-recognition:16.1.2] AndroidManifest.xml:10:13-91
68            android:directBootAware="true"
68-->[com.google.mlkit:common:17.1.0] AndroidManifest.xml:17:13-43
69            android:exported="false" >
69-->[com.google.android.gms:play-services-mlkit-text-recognition:16.1.2] AndroidManifest.xml:11:13-37
70            <meta-data
70-->[com.google.android.gms:play-services-mlkit-text-recognition:16.1.2] AndroidManifest.xml:12:13-14:85
71                android:name="com.google.firebase.components:com.google.mlkit.vision.text.internal.TextRegistrar"
71-->[com.google.android.gms:play-services-mlkit-text-recognition:16.1.2] AndroidManifest.xml:13:17-114
72                android:value="com.google.firebase.components.ComponentRegistrar" />
72-->[com.google.android.gms:play-services-mlkit-text-recognition:16.1.2] AndroidManifest.xml:14:17-82
73            <meta-data
73-->[com.google.mlkit:vision-common:16.2.0] AndroidManifest.xml:12:13-14:85
74                android:name="com.google.firebase.components:com.google.mlkit.vision.common.internal.VisionCommonRegistrar"
74-->[com.google.mlkit:vision-common:16.2.0] AndroidManifest.xml:13:17-124
75                android:value="com.google.firebase.components.ComponentRegistrar" />
75-->[com.google.mlkit:vision-common:16.2.0] AndroidManifest.xml:14:17-82
76            <meta-data
76-->[com.google.mlkit:common:17.1.0] AndroidManifest.xml:20:13-22:85
77                android:name="com.google.firebase.components:com.google.mlkit.common.internal.CommonComponentRegistrar"
77-->[com.google.mlkit:common:17.1.0] AndroidManifest.xml:21:17-120
78                android:value="com.google.firebase.components.ComponentRegistrar" />
78-->[com.google.mlkit:common:17.1.0] AndroidManifest.xml:22:17-82
79        </service>
80
81        <provider
81-->[com.google.mlkit:common:17.1.0] AndroidManifest.xml:9:9-13:38
82            android:name="com.google.mlkit.common.internal.MlKitInitProvider"
82-->[com.google.mlkit:common:17.1.0] AndroidManifest.xml:10:13-78
83            android:authorities="com.example.googleassistant.mlkitinitprovider"
83-->[com.google.mlkit:common:17.1.0] AndroidManifest.xml:11:13-69
84            android:exported="false"
84-->[com.google.mlkit:common:17.1.0] AndroidManifest.xml:12:13-37
85            android:initOrder="99" />
85-->[com.google.mlkit:common:17.1.0] AndroidManifest.xml:13:13-35
86
87        <activity
87-->[com.google.android.gms:play-services-base:17.4.0] AndroidManifest.xml:23:9-26:75
88            android:name="com.google.android.gms.common.api.GoogleApiActivity"
88-->[com.google.android.gms:play-services-base:17.4.0] AndroidManifest.xml:24:13-79
89            android:exported="false"
89-->[com.google.android.gms:play-services-base:17.4.0] AndroidManifest.xml:25:13-37
90            android:theme="@android:style/Theme.Translucent.NoTitleBar" />
90-->[com.google.android.gms:play-services-base:17.4.0] AndroidManifest.xml:26:13-72
91
92        <meta-data
92-->[com.google.android.gms:play-services-basement:17.4.0] AndroidManifest.xml:23:9-25:69
93            android:name="com.google.android.gms.version"
93-->[com.google.android.gms:play-services-basement:17.4.0] AndroidManifest.xml:24:13-58
94            android:value="@integer/google_play_services_version" />
94-->[com.google.android.gms:play-services-basement:17.4.0] AndroidManifest.xml:25:13-66
95
96        <provider
96-->[androidx.lifecycle:lifecycle-process:2.2.0] AndroidManifest.xml:25:9-29:43
97            android:name="androidx.lifecycle.ProcessLifecycleOwnerInitializer"
97-->[androidx.lifecycle:lifecycle-process:2.2.0] AndroidManifest.xml:26:13-79
98            android:authorities="com.example.googleassistant.lifecycle-process"
98-->[androidx.lifecycle:lifecycle-process:2.2.0] AndroidManifest.xml:27:13-69
99            android:exported="false"
99-->[androidx.lifecycle:lifecycle-process:2.2.0] AndroidManifest.xml:28:13-37
100            android:multiprocess="true" />
100-->[androidx.lifecycle:lifecycle-process:2.2.0] AndroidManifest.xml:29:13-40
101
102        <service
102-->[com.google.android.datatransport:transport-backend-cct:2.3.2] AndroidManifest.xml:29:9-35:19
103            android:name="com.google.android.datatransport.runtime.backends.TransportBackendDiscovery"
103-->[com.google.android.datatransport:transport-backend-cct:2.3.2] AndroidManifest.xml:30:13-103
104            android:exported="false" >
104-->[com.google.android.datatransport:transport-backend-cct:2.3.2] AndroidManifest.xml:31:13-37
105            <meta-data
105-->[com.google.android.datatransport:transport-backend-cct:2.3.2] AndroidManifest.xml:32:13-34:39
106                android:name="backend:com.google.android.datatransport.cct.CctBackendFactory"
106-->[com.google.android.datatransport:transport-backend-cct:2.3.2] AndroidManifest.xml:33:17-94
107                android:value="cct" />
107-->[com.google.android.datatransport:transport-backend-cct:2.3.2] AndroidManifest.xml:34:17-36
108        </service>
109        <service
109-->[com.google.android.datatransport:transport-runtime:2.2.5] AndroidManifest.xml:26:9-30:19
110            android:name="com.google.android.datatransport.runtime.scheduling.jobscheduling.JobInfoSchedulerService"
110-->[com.google.android.datatransport:transport-runtime:2.2.5] AndroidManifest.xml:27:13-117
111            android:exported="false"
111-->[com.google.android.datatransport:transport-runtime:2.2.5] AndroidManifest.xml:28:13-37
112            android:permission="android.permission.BIND_JOB_SERVICE" >
112-->[com.google.android.datatransport:transport-runtime:2.2.5] AndroidManifest.xml:29:13-69
113        </service>
114
115        <receiver
115-->[com.google.android.datatransport:transport-runtime:2.2.5] AndroidManifest.xml:32:9-34:40
116            android:name="com.google.android.datatransport.runtime.scheduling.jobscheduling.AlarmManagerSchedulerBroadcastReceiver"
116-->[com.google.android.datatransport:transport-runtime:2.2.5] AndroidManifest.xml:33:13-132
117            android:exported="false" />
117-->[com.google.android.datatransport:transport-runtime:2.2.5] AndroidManifest.xml:34:13-37
118    </application>
119
120</manifest>